0 info it worked if it ends with ok
1 verbose cli [ '/usr/bin/nodejs',
1 verbose cli   '/usr/bin/npm',
1 verbose cli   'install',
1 verbose cli   '-g',
1 verbose cli   '--verbose',
1 verbose cli   'i3-alt-tab' ]
2 info using npm@3.5.2
3 info using node@v4.2.6
4 silly loadCurrentTree Starting
5 silly install loadCurrentTree
6 silly install readGlobalPackageData
7 silly fetchPackageMetaData i3-alt-tab
8 silly fetchOtherPackageData i3-alt-tab
9 silly cache add args [ 'i3-alt-tab', null ]
10 verbose cache add spec i3-alt-tab
11 silly cache add parsed spec Result {
11 silly cache add   raw: 'i3-alt-tab',
11 silly cache add   scope: null,
11 silly cache add   name: null,
11 silly cache add   rawSpec: 'i3-alt-tab',
11 silly cache add   spec: '/home/kevin/.dotfiles/i3/alt-tab/i3-alt-tab',
11 silly cache add   type: 'local' }
12 silly addLocalTarball shasum (computed) 4337feedba070129692281f90f2f3a649c1288c5
13 verbose addTmpTarball /home/kevin/.dotfiles/i3/alt-tab/i3-alt-tab not in flight; adding
14 verbose addTmpTarball validating metadata from /home/kevin/.dotfiles/i3/alt-tab/i3-alt-tab
15 verbose tar unpack /home/kevin/.dotfiles/i3/alt-tab/i3-alt-tab
16 verbose tar unpacking to /tmp/npm-27834-6a523edf/unpack-269a9768
17 silly gentlyRm /tmp/npm-27834-6a523edf/unpack-269a9768 is being purged
18 verbose gentlyRm don't care about contents; nuking /tmp/npm-27834-6a523edf/unpack-269a9768
19 silly gunzTarPerm modes [ '755', '644' ]
20 error not a package /home/kevin/.dotfiles/i3/alt-tab/i3-alt-tab
21 error addLocal Could not install /home/kevin/.dotfiles/i3/alt-tab/i3-alt-tab
22 silly fetchPackageMetaData Error: ENOENT: no such file or directory, open '/tmp/npm-27834-6a523edf/unpack-269a9768/package.json'
22 silly fetchPackageMetaData     at Error (native)
22 silly fetchPackageMetaData  error for i3-alt-tab { [Error: ENOENT: no such file or directory, open '/tmp/npm-27834-6a523edf/unpack-269a9768/package.json']
22 silly fetchPackageMetaData   errno: -2,
22 silly fetchPackageMetaData   code: 'ENOENT',
22 silly fetchPackageMetaData   syscall: 'open',
22 silly fetchPackageMetaData   path: '/tmp/npm-27834-6a523edf/unpack-269a9768/package.json' }
23 silly rollbackFailedOptional Starting
24 silly rollbackFailedOptional Finishing
25 silly runTopLevelLifecycles Starting
26 silly runTopLevelLifecycles Finishing
27 silly install printInstalled
28 verbose stack Error: ENOENT: no such file or directory, open '/tmp/npm-27834-6a523edf/unpack-269a9768/package.json'
28 verbose stack     at Error (native)
29 verbose cwd /home/kevin/.dotfiles/i3/alt-tab
30 error Linux 4.13.0-36-generic
31 error argv "/usr/bin/nodejs" "/usr/bin/npm" "install" "-g" "--verbose" "i3-alt-tab"
32 error node v4.2.6
33 error npm  v3.5.2
34 error path /tmp/npm-27834-6a523edf/unpack-269a9768/package.json
35 error code ENOENT
36 error errno -2
37 error syscall open
38 error enoent ENOENT: no such file or directory, open '/tmp/npm-27834-6a523edf/unpack-269a9768/package.json'
39 error enoent ENOENT: no such file or directory, open '/tmp/npm-27834-6a523edf/unpack-269a9768/package.json'
39 error enoent This is most likely not a problem with npm itself
39 error enoent and is related to npm not being able to find a file.
40 verbose exit [ -2, true ]
